<?xml version="1.0" encoding="UTF-8"?>
<!-- Generated by org.testng.reporters.JUnitReportReporter -->
<testsuite hostname="DESKTOP-RJ88POF" failures="0" tests="1" name="com.theApp.Test1" time="24.412" errors="0" timestamp="2020-11-03T00:22:39 IST" skipped="0">
  <testcase classname="com.theApp.Test1" name="test1" time="24.412"/>
  <system-out/>
</testsuite> <!-- com.theApp.Test1 -->
